d:\mhy\glassedgedetection_cell2\glassedgedetection_pvd\glassedgedetection\x64\release\vc141.pdb
d:\mhy\glassedgedetection_cell2\glassedgedetection_pvd\glassedgedetection\x64\release\detectionalgo.obj
d:\mhy\glassedgedetection_cell2\glassedgedetection_pvd\glassedgedetection\x64\release\melsec_helper.obj
d:\mhy\glassedgedetection_cell2\glassedgedetection_pvd\glassedgedetection\x64\release\parametersettings.obj
d:\mhy\glassedgedetection_cell2\glassedgedetection_pvd\glassedgedetection\x64\release\datamanager.obj
d:\mhy\glassedgedetection_cell2\glassedgedetection_pvd\glassedgedetection\x64\release\socket.obj
d:\mhy\glassedgedetection_cell2\glassedgedetection_pvd\glassedgedetection\x64\release\config.obj
d:\mhy\glassedgedetection_cell2\glassedgedetection_pvd\glassedgedetection\x64\release\cmainwindow.obj
d:\mhy\glassedgedetection_cell2\glassedgedetection_pvd\glassedgedetection\x64\release\parametermanager.obj
d:\mhy\glassedgedetection_cell2\glassedgedetection_pvd\glassedgedetection\x64\release\ikapcamera.obj
d:\mhy\glassedgedetection_cell2\glassedgedetection_pvd\glassedgedetection\x64\release\saveimage.obj
d:\mhy\glassedgedetection_cell2\glassedgedetection_pvd\glassedgedetection\x64\release\main.obj
d:\mhy\glassedgedetection_cell2\glassedgedetection_pvd\glassedgedetection\x64\release\utill.obj
d:\mhy\glassedgedetection_cell2\glassedgedetection_pvd\glassedgedetection\x64\release\tcpmanager.obj
d:\mhy\glassedgedetection_cell2\glassedgedetection_pvd\glassedgedetection\x64\release\mylabel.obj
d:\mhy\glassedgedetection_cell2\glassedgedetection_pvd\glassedgedetection\x64\release\melsec_mc_comm.obj
d:\mhy\glassedgedetection_cell2\glassedgedetection_pvd\glassedgedetection\x64\release\melsec_mc_bin.obj
d:\mhy\glassedgedetection_cell2\glassedgedetection_pvd\glassedgedetection\x64\release\resultdetials.obj
d:\mhy\glassedgedetection_cell2\glassedgedetection_pvd\glassedgedetection\x64\release\moc_detectionalgo.obj
d:\mhy\glassedgedetection_cell2\glassedgedetection_pvd\glassedgedetection\x64\release\moc_ikapcamera.obj
d:\mhy\glassedgedetection_cell2\glassedgedetection_pvd\glassedgedetection\x64\release\moc_resultdetails.obj
d:\mhy\glassedgedetection_cell2\glassedgedetection_pvd\glassedgedetection\x64\release\moc_datamanager.obj
d:\mhy\glassedgedetection_cell2\glassedgedetection_pvd\glassedgedetection\x64\release\moc_cmainwindow.obj
d:\mhy\glassedgedetection_cell2\glassedgedetection_pvd\glassedgedetection\x64\release\moc_tcpmanager.obj
d:\mhy\glassedgedetection_cell2\glassedgedetection_pvd\glassedgedetection\x64\release\qrc_cmainwindow.obj
d:\mhy\glassedgedetection_cell2\glassedgedetection_pvd\glassedgedetection\x64\release\moc_parametersettings.obj
d:\mhy\glassedgedetection_cell2\glassedgedetection_pvd\glassedgedetection\x64\release\moc_mylabel.obj
d:\mhy\glassedgedetection_cell2\glassedgedetection_pvd\glassedgedetection\x64\release\moc_saveimage.obj
d:\mhy\glassedgedetection_cell2\glassedgedetection_pvd\glassedgedetection\generatedfiles\ui_cmainwindow.h
d:\mhy\glassedgedetection_cell2\glassedgedetection_pvd\glassedgedetection\generatedfiles\ui_datamanager.h
d:\mhy\glassedgedetection_cell2\glassedgedetection_pvd\glassedgedetection\generatedfiles\ui_parametersetting.h
d:\mhy\glassedgedetection_cell2\glassedgedetection_pvd\glassedgedetection\generatedfiles\ui_resultdetails.h
d:\mhy\glassedgedetection_cell2\glassedgedetection_pvd\glassedgedetection\generatedfiles\qrc_cmainwindow.cpp
d:\mhy\glassedgedetection_cell2\glassedgedetection_pvd\glassedgedetection\generatedfiles\release\moc_cmainwindow.cpp
d:\mhy\glassedgedetection_cell2\glassedgedetection_pvd\glassedgedetection\generatedfiles\release\moc_tcpmanager.cpp
d:\mhy\glassedgedetection_cell2\glassedgedetection_pvd\glassedgedetection\generatedfiles\release\moc_ikapcamera.cpp
d:\mhy\glassedgedetection_cell2\glassedgedetection_pvd\glassedgedetection\generatedfiles\release\moc_datamanager.cpp
d:\mhy\glassedgedetection_cell2\glassedgedetection_pvd\glassedgedetection\generatedfiles\release\moc_detectionalgo.cpp
d:\mhy\glassedgedetection_cell2\glassedgedetection_pvd\glassedgedetection\generatedfiles\release\moc_saveimage.cpp
d:\mhy\glassedgedetection_cell2\glassedgedetection_pvd\glassedgedetection\generatedfiles\release\moc_resultdetails.cpp
d:\mhy\glassedgedetection_cell2\glassedgedetection_pvd\glassedgedetection\generatedfiles\release\moc_parametersettings.cpp
d:\mhy\glassedgedetection_cell2\glassedgedetection_pvd\glassedgedetection\generatedfiles\release\moc_mylabel.cpp
d:\mhy\glassedgedetection_cell2\glassedgedetection_pvd\x64\release\glassedgedetection.exe
d:\mhy\glassedgedetection_cell2\glassedgedetection_pvd\x64\release\glassedgedetection.ilk
d:\mhy\glassedgedetection_cell2\glassedgedetection_pvd\x64\release\glassedgedetection.pdb
d:\mhy\glassedgedetection_cell2\glassedgedetection_pvd\glassedgedetection\.\generatedfiles\release\moc_cmainwindow.cpp
d:\mhy\glassedgedetection_cell2\glassedgedetection_pvd\glassedgedetection\.\generatedfiles\release\moc_tcpmanager.cpp
d:\mhy\glassedgedetection_cell2\glassedgedetection_pvd\glassedgedetection\.\generatedfiles\release\moc_ikapcamera.cpp
d:\mhy\glassedgedetection_cell2\glassedgedetection_pvd\glassedgedetection\.\generatedfiles\release\moc_datamanager.cpp
d:\mhy\glassedgedetection_cell2\glassedgedetection_pvd\glassedgedetection\.\generatedfiles\release\moc_detectionalgo.cpp
d:\mhy\glassedgedetection_cell2\glassedgedetection_pvd\glassedgedetection\.\generatedfiles\release\moc_saveimage.cpp
d:\mhy\glassedgedetection_cell2\glassedgedetection_pvd\glassedgedetection\.\generatedfiles\release\moc_resultdetails.cpp
d:\mhy\glassedgedetection_cell2\glassedgedetection_pvd\glassedgedetection\.\generatedfiles\release\moc_parametersettings.cpp
d:\mhy\glassedgedetection_cell2\glassedgedetection_pvd\glassedgedetection\.\generatedfiles\release\moc_mylabel.cpp
d:\mhy\glassedgedetection_cell2\glassedgedetection_pvd\glassedgedetection\x64\release\glassedgedetection.res
d:\mhy\glassedgedetection_cell2\glassedgedetection_pvd\glassedgedetection\.\generatedfiles\qrc_cmainwindow.cpp
d:\mhy\glassedgedetection_cell2\glassedgedetection_pvd\glassedgedetection\.\generatedfiles\ui_cmainwindow.h
d:\mhy\glassedgedetection_cell2\glassedgedetection_pvd\glassedgedetection\.\generatedfiles\ui_datamanager.h
d:\mhy\glassedgedetection_cell2\glassedgedetection_pvd\glassedgedetection\.\generatedfiles\ui_parametersetting.h
d:\mhy\glassedgedetection_cell2\glassedgedetection_pvd\glassedgedetection\.\generatedfiles\ui_resultdetails.h
d:\mhy\glassedgedetection_cell2\glassedgedetection_pvd\glassedgedetection\x64\release\glassedg.b12702ad.tlog\cl.command.1.tlog
d:\mhy\glassedgedetection_cell2\glassedgedetection_pvd\glassedgedetection\x64\release\glassedg.b12702ad.tlog\cl.read.1.tlog
d:\mhy\glassedgedetection_cell2\glassedgedetection_pvd\glassedgedetection\x64\release\glassedg.b12702ad.tlog\cl.write.1.tlog
d:\mhy\glassedgedetection_cell2\glassedgedetection_pvd\glassedgedetection\x64\release\glassedg.b12702ad.tlog\glassedgedetection.write.1u.tlog
d:\mhy\glassedgedetection_cell2\glassedgedetection_pvd\glassedgedetection\x64\release\glassedg.b12702ad.tlog\link.command.1.tlog
d:\mhy\glassedgedetection_cell2\glassedgedetection_pvd\glassedgedetection\x64\release\glassedg.b12702ad.tlog\link.read.1.tlog
d:\mhy\glassedgedetection_cell2\glassedgedetection_pvd\glassedgedetection\x64\release\glassedg.b12702ad.tlog\link.write.1.tlog
d:\mhy\glassedgedetection_cell2\glassedgedetection_pvd\glassedgedetection\x64\release\glassedg.b12702ad.tlog\moc.read.1u.tlog
d:\mhy\glassedgedetection_cell2\glassedgedetection_pvd\glassedgedetection\x64\release\glassedg.b12702ad.tlog\moc.write.1u.tlog
d:\mhy\glassedgedetection_cell2\glassedgedetection_pvd\glassedgedetection\x64\release\glassedg.b12702ad.tlog\rc.command.1.tlog
d:\mhy\glassedgedetection_cell2\glassedgedetection_pvd\glassedgedetection\x64\release\glassedg.b12702ad.tlog\rc.read.1.tlog
d:\mhy\glassedgedetection_cell2\glassedgedetection_pvd\glassedgedetection\x64\release\glassedg.b12702ad.tlog\rc.write.1.tlog
d:\mhy\glassedgedetection_cell2\glassedgedetection_pvd\glassedgedetection\x64\release\glassedg.b12702ad.tlog\rcc.read.1u.tlog
d:\mhy\glassedgedetection_cell2\glassedgedetection_pvd\glassedgedetection\x64\release\glassedg.b12702ad.tlog\rcc.write.1u.tlog
d:\mhy\glassedgedetection_cell2\glassedgedetection_pvd\glassedgedetection\x64\release\glassedg.b12702ad.tlog\uic.read.1u.tlog
d:\mhy\glassedgedetection_cell2\glassedgedetection_pvd\glassedgedetection\x64\release\glassedg.b12702ad.tlog\uic.write.1u.tlog
